=== carrots.png (2448x2448) ===
BC1 (bc7enc): 0.9401321 | 84.30004817595878
BC3 (bc7enc): 0.7815454 | 84.21386514142884
BC7 (bc7enc): 4.0413597 | 89.74366465730499
BC7 (bc7enc_perceptual): 2.4709948 | 90.19134332575902
BC1 (Compressonator, 1.0): 0.3270326 | 82.57862339178904
BC3 (Compressonator, 1.0): 0.3457173 | 82.17189536414915
BC7 (Compressonator, 0.25): 57.2839757 | 89.66880499392347
=== colorpatch.png (3840x2160) ===
BC1 (bc7enc): 0.2002717 | 90.67545835357924
BC3 (bc7enc): 0.1834869 | 63.32551526244793
BC7 (bc7enc): 1.6191942 | 100
BC7 (bc7enc_perceptual): 0.76201 | 100
BC1 (Compressonator, 1.0): 0.0467057 | 64.35652184440474
BC3 (Compressonator, 1.0): 0.0704627 | 63.805686114662954
BC7 (Compressonator, 0.25): 16.0276798 | 100
=== flowers.png (2048x2048) ===
BC1 (bc7enc): 0.6985095 | 84.91528182666316
BC3 (bc7enc): 0.6125581 | 84.91564815834353
BC7 (bc7enc): 3.4612336 | 92.26221322815012
BC7 (bc7enc_perceptual): 2.1640047 | 93.94574196427543
BC1 (Compressonator, 1.0): 0.2841428 | 82.74827024543075
BC3 (Compressonator, 1.0): 0.2958359 | 82.4551614394394
BC7 (Compressonator, 0.25): 42.3466385 | 92.47321108431545
=== helicopter.png (2048x2048) ===
BC1 (bc7enc): 0.7335697 | 82.65419471812088
BC3 (bc7enc): 0.7011283 | 82.62241538878719
BC7 (bc7enc): 3.1239477 | 87.44081260142177
BC7 (bc7enc_perceptual): 2.2083586 | 88.0336389378224
BC1 (Compressonator, 1.0): 0.2125683 | 81.17515276697765
BC3 (Compressonator, 1.0): 0.2074745 | 80.90813031180868
BC7 (Compressonator, 0.25): 54.6454109 | 87.49974192866327
=== noise_extreme_2.png (4096x4096) ===
BC1 (bc7enc): 4.7747833 | -9.800226322861064
BC3 (bc7enc): 3.936874 | -9.796008996200584
BC7 (bc7enc): 15.6238034 | 36.25843683497873
BC7 (bc7enc_perceptual): 9.8001587 | 58.470914295207436
BC1 (Compressonator, 1.0): 2.3881684 | -13.856297124528268
BC3 (Compressonator, 1.0): 2.4569143 | -19.7539341886347
BC7 (Compressonator, 0.25): 246.1269868 | 46.42674131231752
=== noise_extreme.png (4096x4096) ===
BC1 (bc7enc): 4.1189273 | 57.06798066736993
BC3 (bc7enc): 3.5714238 | 57.06449639792599
BC7 (bc7enc): 15.3617417 | 73.6904657896424
BC7 (bc7enc_perceptual): 9.4865908 | 80.70848266013351
BC1 (Compressonator, 1.0): 2.3317953 | 56.272754742706056
BC3 (Compressonator, 1.0): 2.4075581 | 54.90220735263322
BC7 (Compressonator, 0.25): 236.7262554 | 75.88662256763595
=== noise_slight.png (2048x2048) ===
BC1 (bc7enc): 0.970109 | 73.14761314296611
BC3 (bc7enc): 0.8380966 | 73.14417860409571
BC7 (bc7enc): 3.8261239 | 82.3884263566726
BC7 (bc7enc_perceptual): 2.5936007 | 86.22419440042916
BC1 (Compressonator, 1.0): 0.5810364 | 71.83294765208238
BC3 (Compressonator, 1.0): 0.5043715 | 71.14507506674497
BC7 (Compressonator, 0.25): 58.670561 | 81.85322800785949
=== normal_avalisuit.png (4096x4096) ===
BC1 (bc7enc): 3.5859169 | 45.37912524983043
BC3 (bc7enc): 2.8519177 | 45.29581801612281
BC7 (bc7enc): 13.6391287 | 80.30788089091912
BC7 (bc7enc_perceptual): 8.5320697 | 80.7378776813772
BC1 (Compressonator, 1.0): 1.654112 | 41.26615599320001
BC3 (Compressonator, 1.0): 1.6443868 | 35.87533011297445
BC7 (Compressonator, 0.25): 183.1548021 | 77.5883734368261
=== paperclips.png (2448x2448) ===
BC1 (bc7enc): 0.957919 | 86.83896997824812
BC3 (bc7enc): 0.8279107 | 86.84218862263366
BC7 (bc7enc): 4.4982234 | 92.76033352153962
BC7 (bc7enc_perceptual): 2.7183733 | 92.97180857013333
BC1 (Compressonator, 1.0): 0.4032251 | 85.46797593469188
BC3 (Compressonator, 1.0): 0.4179631 | 85.22557808310103
BC7 (Compressonator, 0.25): 54.0265144 | 92.81955442431462
=== rainbow.png (3840x2160) ===
BC1 (bc7enc): 0.8333767 | 89.30839630830116
BC3 (bc7enc): 0.7013627 | 89.33398235072171
BC7 (bc7enc): 2.2453313 | 100
BC7 (bc7enc_perceptual): 1.7872235 | 89.28482993437197
BC1 (Compressonator, 1.0): 0.1244616 | 89.04586660504862
BC3 (Compressonator, 1.0): 0.1546474 | 87.64249737026567
BC7 (Compressonator, 0.25): 79.0761031 | 89.25852801119045
=== sap_body.png (4096x4096) ===
BC1 (bc7enc): 1.1548779 | 85.3646061995815
BC3 (bc7enc): 0.9782952 | 85.13268918089449
BC7 (bc7enc): 6.5647042 | 90.33694101493958
BC7 (bc7enc_perceptual): 3.9236402 | 90.37927309369113
BC1 (Compressonator, 1.0): 0.2377394 | 83.41103852093246
BC3 (Compressonator, 1.0): 0.2871156 | 81.90359887295548
BC7 (Compressonator, 0.25): 88.0131926 | 90.36418138857087
=== shanghai.png (2200x1343) ===
BC1 (bc7enc): 0.463834 | 84.4888603844943
BC3 (bc7enc): 0.3439393 | 84.31431251206044
BC7 (bc7enc): 1.895154 | 92.2649947038922
BC7 (bc7enc_perceptual): 1.1934961 | 92.4533046389824
BC1 (Compressonator, 1.0): 0.1997182 | 81.3001053689022
BC3 (Compressonator, 1.0): 0.2095375 | 79.94923340138891
BC7 (Compressonator, 0.25): 17.7976554 | 92.37787758547782
=== squares.png (3840x2160) ===
BC1 (bc7enc): 0.1509969 | 88.74170977441187
BC3 (bc7enc): 0.1430827 | 73.4913811260433
BC7 (bc7enc): 1.4596631 | 95.15693613377748
BC7 (bc7enc_perceptual): 1.0587253 | 92.52457190101488
BC1 (Compressonator, 1.0): 0.0374111 | 69.5851490211559
BC3 (Compressonator, 1.0): 0.0605164 | 66.59114268545157
BC7 (Compressonator, 0.25): 26.1442105 | 94.67443471953538
=== texture_avalisuit.png (4096x4096) ===
BC1 (bc7enc): 2.3252155 | 83.23385884551665
BC3 (bc7enc): 1.9832285 | 83.24447551673693
BC7 (bc7enc): 9.2947082 | 90.47458260325499
BC7 (bc7enc_perceptual): 6.3197031 | 90.67696263518883
BC1 (Compressonator, 1.0): 0.7095873 | 79.57228429081619
BC3 (Compressonator, 1.0): 0.6963329 | 78.56672677151444
BC7 (Compressonator, 0.25): 132.2854136 | 90.43231392781554
=== wings.png (2048x2048) ===
BC1 (bc7enc): 0.3681331 | 87.94611337447975
BC3 (bc7enc): 0.3114954 | 86.45388309068053
BC7 (bc7enc): 1.9235136 | 94.59883340128631
BC7 (bc7enc_perceptual): 1.2747081 | 94.23961171549693
BC1 (Compressonator, 1.0): 0.0876269 | 72.06085978474975
BC3 (Compressonator, 1.0): 0.1010392 | 69.89503782606187
BC7 (Compressonator, 0.25): 27.3992915 | 94.5903025707739
=== Grass001_4K-PNG_Color.png (4096x4096) ===
BC1 (bc7enc): 3.117933 | 80.88684097531124
BC3 (bc7enc): 2.6492915 | 80.88406144792019
BC7 (bc7enc): 14.3028789 | 90.66685465997588
BC7 (bc7enc_perceptual): 8.8821019 | 92.73670768205177
BC1 (Compressonator, 1.0): 1.3775892 | 78.57087503883277
BC3 (Compressonator, 1.0): 1.5599648 | 76.1517333930119
BC7 (Compressonator, 0.25): 169.4236972 | 90.74012645868612
=== Grass001_4K-PNG_NormalGL.png (4096x4096) ===
BC1 (bc7enc): 3.6482284 | 54.114319080926194
BC3 (bc7enc): 3.2501909 | 54.1120286072088
BC7 (bc7enc): 15.2357683 | 78.89118292150354
BC7 (bc7enc_perceptual): 9.5482404 | 82.37054151056248
BC1 (Compressonator, 1.0): 2.3231764 | 51.827984348563135
BC3 (Compressonator, 1.0): 2.2303551 | 49.92648807227056
BC7 (Compressonator, 0.25): 207.2397207 | 78.6518066146886
=== PavingStones150_4K-PNG_Color.png (4096x2048) ===
BC1 (bc7enc): 1.4734219 | 81.52473321815413
BC3 (bc7enc): 1.3047456 | 81.51882496206701
BC7 (bc7enc): 6.4892975 | 91.62624157101412
BC7 (bc7enc_perceptual): 3.5355419 | 92.8190899835322
BC1 (Compressonator, 1.0): 0.7408004 | 79.6666075199651
BC3 (Compressonator, 1.0): 0.7634957 | 77.94375074442078
BC7 (Compressonator, 0.25): 74.3947019 | 91.4050750604585
=== PavingStones150_4K-PNG_NormalGL.png (4096x2048) ===
BC1 (bc7enc): 1.8121148 | 65.2481463492973
BC3 (bc7enc): 1.5260425 | 65.23762032579114
BC7 (bc7enc): 7.7933135 | 84.69870219576939
BC7 (bc7enc_perceptual): 4.9559893 | 85.663806224144
BC1 (Compressonator, 1.0): 0.7699689 | 63.46976285009421
BC3 (Compressonator, 1.0): 0.8301752 | 62.539513752005234
BC7 (Compressonator, 0.25): 115.8797612 | 83.93949637609569
